(0.002) 
            SELECT c.relname,
            CASE WHEN c.relispartition THEN 'p' WHEN c.relkind IN ('m', 'v') THEN 'v' ELSE 't' END
            FROM pg_catalog.pg_class c
            LEFT JOIN pg_catalog.pg_namespace n ON n.oid = c.relnamespace
            WHERE c.relkind IN ('f', 'm', 'p', 'r', 'v')
                AND n.nspname NOT IN ('pg_catalog', 'pg_toast')
                AND pg_catalog.pg_table_is_visible(c.oid)
        ; args=None
(0.001) SELECT "django_migrations"."id", "django_migrations"."app", "django_migrations"."name", "django_migrations"."applied" FROM "django_migrations"; args=()
(0.002) SELECT "django_session"."session_key", "django_session"."session_data", "django_session"."expire_date" FROM "django_session" WHERE "django_session"."session_key" = 'o4ndsq6wej5dloi8dx06hthd7jkqk3pr' LIMIT 21; args=('o4ndsq6wej5dloi8dx06hthd7jkqk3pr',)
(0.001) SELECT "geoportal_app_user"."id", "geoportal_app_user"."password", "geoportal_app_user"."last_login", "geoportal_app_user"."is_superuser", "geoportal_app_user"."username", "geoportal_app_user"."first_name", "geoportal_app_user"."last_name", "geoportal_app_user"."is_staff", "geoportal_app_user"."is_active", "geoportal_app_user"."date_joined", "geoportal_app_user"."register", "geoportal_app_user"."gender", "geoportal_app_user"."is_sso", "geoportal_app_user"."is_user", "geoportal_app_user"."email" FROM "geoportal_app_user" WHERE "geoportal_app_user"."id" = 1 LIMIT 21; args=(1,)
(0.002) INSERT INTO "easyaudit_requestevent" ("url", "method", "query_string", "user_id", "remote_ip", "datetime") VALUES ('/api/search-value/', 'POST', '', 1, '127.0.0.1', '2021-07-27T10:05:33.659342+00:00'::timestamptz) RETURNING "easyaudit_requestevent"."id"; args=('/api/search-value/', 'POST', '', 1, '127.0.0.1', datetime.datetime(2021, 7, 27, 10, 5, 33, 659342, tzinfo=<UTC>))
(0.001) SELECT "backend_bundle_bundle"."id", "backend_bundle_bundle"."ltheme_id", "backend_bundle_bundle"."is_removeable", "backend_bundle_bundle"."icon", "backend_bundle_bundle"."created_by_id", "backend_bundle_bundle"."created_at", "backend_bundle_bundle"."updated_at", "backend_bundle_bundle"."sort_order" FROM "backend_bundle_bundle" ORDER BY "backend_bundle_bundle"."sort_order" ASC; args=()
(0.001) SELECT "l_themes"."theme_id", "l_themes"."theme_code", "l_themes"."theme_name", "l_themes"."theme_name_eng", "l_themes"."order_no", "l_themes"."is_active", "l_themes"."created_on", "l_themes"."created_by", "l_themes"."modified_on", "l_themes"."modified_by" FROM "l_themes" WHERE "l_themes"."theme_id" IN (1, 2, 3, 4, 5, 6, 7, 8, 9, 10, 11, 12, 13, 14, 15, 16, 17, 18, 23); args=(1, 2, 3, 4, 5, 6, 7, 8, 9, 10, 11, 12, 13, 14, 15, 16, 17, 18, 23)
(0.002) SELECT "l_packages"."package_id", "l_packages"."package_code", "l_packages"."package_name", "l_packages"."package_name_eng", "l_packages"."theme_id", "l_packages"."order_no", "l_packages"."is_active", "l_packages"."created_on", "l_packages"."created_by", "l_packages"."modified_on", "l_packages"."modified_by" FROM "l_packages" WHERE "l_packages"."theme_id" IN (2, 3, 4, 7, 8, 9, 11, 14, 15, 16, 1, 5, 6, 10, 12, 13, 17, 18, 23); args=(2, 3, 4, 7, 8, 9, 11, 14, 15, 16, 1, 5, 6, 10, 12, 13, 17, 18, 23)
(0.001) SELECT "l_features"."feature_id", "l_features"."feature_code", "l_features"."feature_name", "l_features"."feature_name_eng", "l_features"."package_id", "l_features"."order_no", "l_features"."is_active", "l_features"."created_on", "l_features"."created_by", "l_features"."modified_on", "l_features"."modified_by" FROM "l_features" WHERE "l_features"."package_id" IN (101, 301, 302, 303, 304, 401, 501, 502, 503, 601, 602, 603, 701, 1001, 1101, 1102, 1103, 1104, 1105, 1106, 1107, 1108, 1109, 1201, 1202, 1203, 1204, 1205, 1301, 1302, 1303, 1401, 1501, 1601, 1602, 1603, 1801, 801, 802, 803, 804, 901, 902, 903, 2301); args=(101, 301, 302, 303, 304, 401, 501, 502, 503, 601, 602, 603, 701, 1001, 1101, 1102, 1103, 1104, 1105, 1106, 1107, 1108, 1109, 1201, 1202, 1203, 1204, 1205, 1301, 1302, 1303, 1401, 1501, 1601, 1602, 1603, 1801, 801, 802, 803, 804, 901, 902, 903, 2301)
(0.001) SELECT "dedsanbutets_viewnames"."id", "dedsanbutets_viewnames"."view_name", "dedsanbutets_viewnames"."feature_id", "dedsanbutets_viewnames"."open_datas", "dedsanbutets_viewnames"."update_at", "dedsanbutets_viewnames"."created_at" FROM "dedsanbutets_viewnames" WHERE "dedsanbutets_viewnames"."feature_id" IN (40101, 40102, 40103, 40104, 40105, 40106, 38, 50101, 50102, 50103, 50104, 50105, 50106, 50107, 50108, 50109, 50201, 50202, 50203, 50204, 50205, 50301, 50302, 50303, 50304, 50305, 50306, 50307, 50308, 50309, 50310, 50311, 50312, 50313, 50314, 50315, 50316, 50317, 50318, 50319, 60101, 60201, 60202, 60203, 60204, 60205, 60206, 60301, 80101, 80201, 80301, 80401, 80402, 80403, 80404, 90101, 90201, 90301, 100101, 100102, 100103, 100104, 30101, 30102, 30103, 30201, 30202, 30203, 30204, 30205, 30206, 120513, 30207, 30208, 30209, 30210, 30211, 30212, 30213, 30214, 30301, 30401, 30402, 30403, 30404, 30405, 30406, 30407, 30408, 30409, 70101, 10101, 120101, 120102, 120103, 120104, 120105, 120106, 120107, 120108, 120109, 120110, 120111, 120112, 120113, 120114, 120201, 120202, 120203, 120204, 120205, 120206, 120207, 120208, 120209, 120210, 120211, 120212, 120213, 120214, 120215, 120216, 120301, 120302, 120303, 120304, 120305, 120306, 120307, 120308, 120309, 120310, 120311, 120312, 120313, 120314, 120315, 120316, 120401, 120402, 120403, 120404, 120405, 120406, 120407, 120408, 120409, 120410, 120411, 120412, 120413, 120414, 120415, 120416, 120417, 120418, 120419, 120420, 120421, 120422, 120423, 120501, 120502, 120503, 120504, 120505, 120506, 120507, 120508, 120509, 120510, 120511, 120512, 120514, 120515, 120516, 120517, 120518, 120519, 120520, 120521, 120522, 120523, 120524, 120525, 120526, 120527, 120528, 120529, 230101); args=(40101, 40102, 40103, 40104, 40105, 40106, 38, 50101, 50102, 50103, 50104, 50105, 50106, 50107, 50108, 50109, 50201, 50202, 50203, 50204, 50205, 50301, 50302, 50303, 50304, 50305, 50306, 50307, 50308, 50309, 50310, 50311, 50312, 50313, 50314, 50315, 50316, 50317, 50318, 50319, 60101, 60201, 60202, 60203, 60204, 60205, 60206, 60301, 80101, 80201, 80301, 80401, 80402, 80403, 80404, 90101, 90201, 90301, 100101, 100102, 100103, 100104, 30101, 30102, 30103, 30201, 30202, 30203, 30204, 30205, 30206, 120513, 30207, 30208, 30209, 30210, 30211, 30212, 30213, 30214, 30301, 30401, 30402, 30403, 30404, 30405, 30406, 30407, 30408, 30409, 70101, 10101, 120101, 120102, 120103, 120104, 120105, 120106, 120107, 120108, 120109, 120110, 120111, 120112, 120113, 120114, 120201, 120202, 120203, 120204, 120205, 120206, 120207, 120208, 120209, 120210, 120211, 120212, 120213, 120214, 120215, 120216, 120301, 120302, 120303, 120304, 120305, 120306, 120307, 120308, 120309, 120310, 120311, 120312, 120313, 120314, 120315, 120316, 120401, 120402, 120403, 120404, 120405, 120406, 120407, 120408, 120409, 120410, 120411, 120412, 120413, 120414, 120415, 120416, 120417, 120418, 120419, 120420, 120421, 120422, 120423, 120501, 120502, 120503, 120504, 120505, 120506, 120507, 120508, 120509, 120510, 120511, 120512, 120514, 120515, 120516, 120517, 120518, 120519, 120520, 120521, 120522, 120523, 120524, 120525, 120526, 120527, 120528, 120529, 230101)
(0.001) SELECT ("backend_bundle_bundlelayer"."bundle_id") AS "_prefetch_related_val_bundle_id", "backend_wmslayer_wmslayer"."id", "backend_wmslayer_wmslayer"."wms_id", "backend_wmslayer_wmslayer"."name", "backend_wmslayer_wmslayer"."title", "backend_wmslayer_wmslayer"."code", "backend_wmslayer_wmslayer"."created_at", "backend_wmslayer_wmslayer"."updated_at", "backend_wmslayer_wmslayer"."sort_order", "backend_wmslayer_wmslayer"."feature_price", "backend_wmslayer_wmslayer"."geodb_schema", "backend_wmslayer_wmslayer"."geodb_table", "backend_wmslayer_wmslayer"."geodb_pk_field", "backend_wmslayer_wmslayer"."geodb_export_field" FROM "backend_wmslayer_wmslayer" INNER JOIN "backend_bundle_bundlelayer" ON ("backend_wmslayer_wmslayer"."id" = "backend_bundle_bundlelayer"."layer_id") WHERE "backend_bundle_bundlelayer"."bundle_id" IN (1, 2, 9, 14, 5, 11, 4, 17, 7, 12, 15, 13, 10, 3, 18, 8, 6, 16, 22) ORDER BY "backend_wmslayer_wmslayer"."sort_order" ASC; args=(1, 2, 9, 14, 5, 11, 4, 17, 7, 12, 15, 13, 10, 3, 18, 8, 6, 16, 22)
(0.001) SELECT "wms"."id", "wms"."name", "wms"."url", "wms"."cache_url", "wms"."is_active", "wms"."created_by_id", "wms"."created_at", "wms"."updated_at" FROM "wms" WHERE "wms"."id" IN (1, 2, 3, 4, 5, 6, 7) ORDER BY "wms"."created_at" ASC; args=(1, 2, 3, 4, 5, 6, 7)
(0.000) SELECT "django_session"."session_key", "django_session"."session_data", "django_session"."expire_date" FROM "django_session" WHERE ("django_session"."expire_date" > '2021-07-27T10:05:33.748524+00:00'::timestamptz AND "django_session"."session_key" = 'o4ndsq6wej5dloi8dx06hthd7jkqk3pr') LIMIT 21; args=(datetime.datetime(2021, 7, 27, 10, 5, 33, 748524, tzinfo=<UTC>), 'o4ndsq6wej5dloi8dx06hthd7jkqk3pr')
(0.000) SAVEPOINT "s140560632428288_x1"; args=None
(0.000) RELEASE SAVEPOINT "s140560632428288_x1"; args=None
(0.000) UPDATE "django_session" SET "session_data" = 'MDdiYWRhMGU0MTdkOTVlYmQxN2Q2MjAxMWI2YzA3ZWM2YTI2Yzg0NDp7Il9hdXRoX3VzZXJfaWQiOiIxIiwiX2F1dGhfdXNlcl9iYWNrZW5kIjoiZGphbmdvLmNvbnRyaWIuYXV0aC5iYWNrZW5kcy5Nb2RlbEJhY2tlbmQiLCJfYXV0aF91c2VyX2hhc2giOiJmM2IzM2ExNDk3ZWUzYWUzYjNmMzBlNjMwYzM2NmJhMDg4OGYwYmNhIn0=', "expire_date" = '2021-08-10T10:05:33.749865+00:00'::timestamptz WHERE "django_session"."session_key" = 'o4ndsq6wej5dloi8dx06hthd7jkqk3pr'; args=('MDdiYWRhMGU0MTdkOTVlYmQxN2Q2MjAxMWI2YzA3ZWM2YTI2Yzg0NDp7Il9hdXRoX3VzZXJfaWQiOiIxIiwiX2F1dGhfdXNlcl9iYWNrZW5kIjoiZGphbmdvLmNvbnRyaWIuYXV0aC5iYWNrZW5kcy5Nb2RlbEJhY2tlbmQiLCJfYXV0aF91c2VyX2hhc2giOiJmM2IzM2ExNDk3ZWUzYWUzYjNmMzBlNjMwYzM2NmJhMDg4OGYwYmNhIn0=', datetime.datetime(2021, 8, 10, 10, 5, 33, 749865, tzinfo=<UTC>), 'o4ndsq6wej5dloi8dx06hthd7jkqk3pr')
(0.000) SAVEPOINT "s140560632428288_x2"; args=None
(0.000) RELEASE SAVEPOINT "s140560632428288_x2"; args=None
(0.002) 
            SELECT c.relname,
            CASE WHEN c.relispartition THEN 'p' WHEN c.relkind IN ('m', 'v') THEN 'v' ELSE 't' END
            FROM pg_catalog.pg_class c
            LEFT JOIN pg_catalog.pg_namespace n ON n.oid = c.relnamespace
            WHERE c.relkind IN ('f', 'm', 'p', 'r', 'v')
                AND n.nspname NOT IN ('pg_catalog', 'pg_toast')
                AND pg_catalog.pg_table_is_visible(c.oid)
        ; args=None
(0.001) SELECT "django_migrations"."id", "django_migrations"."app", "django_migrations"."name", "django_migrations"."applied" FROM "django_migrations"; args=()
(0.003) 
            SELECT c.relname,
            CASE WHEN c.relispartition THEN 'p' WHEN c.relkind IN ('m', 'v') THEN 'v' ELSE 't' END
            FROM pg_catalog.pg_class c
            LEFT JOIN pg_catalog.pg_namespace n ON n.oid = c.relnamespace
            WHERE c.relkind IN ('f', 'm', 'p', 'r', 'v')
                AND n.nspname NOT IN ('pg_catalog', 'pg_toast')
                AND pg_catalog.pg_table_is_visible(c.oid)
        ; args=None
(0.001) SELECT "django_migrations"."id", "django_migrations"."app", "django_migrations"."name", "django_migrations"."applied" FROM "django_migrations"; args=()
(0.001) SELECT "django_session"."session_key", "django_session"."session_data", "django_session"."expire_date" FROM "django_session" WHERE "django_session"."session_key" = 'o4ndsq6wej5dloi8dx06hthd7jkqk3pr' LIMIT 21; args=('o4ndsq6wej5dloi8dx06hthd7jkqk3pr',)
(0.001) SELECT "geoportal_app_user"."id", "geoportal_app_user"."password", "geoportal_app_user"."last_login", "geoportal_app_user"."is_superuser", "geoportal_app_user"."username", "geoportal_app_user"."first_name", "geoportal_app_user"."last_name", "geoportal_app_user"."is_staff", "geoportal_app_user"."is_active", "geoportal_app_user"."date_joined", "geoportal_app_user"."register", "geoportal_app_user"."gender", "geoportal_app_user"."is_sso", "geoportal_app_user"."is_user", "geoportal_app_user"."email" FROM "geoportal_app_user" WHERE "geoportal_app_user"."id" = 1 LIMIT 21; args=(1,)
(0.001) INSERT INTO "easyaudit_requestevent" ("url", "method", "query_string", "user_id", "remote_ip", "datetime") VALUES ('/api/search-value/', 'POST', '', 1, '127.0.0.1', '2021-07-27T10:05:56.237731+00:00'::timestamptz) RETURNING "easyaudit_requestevent"."id"; args=('/api/search-value/', 'POST', '', 1, '127.0.0.1', datetime.datetime(2021, 7, 27, 10, 5, 56, 237731, tzinfo=<UTC>))
(0.001) SELECT "backend_bundle_bundle"."id", "backend_bundle_bundle"."ltheme_id", "backend_bundle_bundle"."is_removeable", "backend_bundle_bundle"."icon", "backend_bundle_bundle"."created_by_id", "backend_bundle_bundle"."created_at", "backend_bundle_bundle"."updated_at", "backend_bundle_bundle"."sort_order" FROM "backend_bundle_bundle" ORDER BY "backend_bundle_bundle"."sort_order" ASC; args=()
(0.001) SELECT "l_themes"."theme_id", "l_themes"."theme_code", "l_themes"."theme_name", "l_themes"."theme_name_eng", "l_themes"."order_no", "l_themes"."is_active", "l_themes"."created_on", "l_themes"."created_by", "l_themes"."modified_on", "l_themes"."modified_by" FROM "l_themes" WHERE "l_themes"."theme_id" IN (1, 2, 3, 4, 5, 6, 7, 8, 9, 10, 11, 12, 13, 14, 15, 16, 17, 18, 23); args=(1, 2, 3, 4, 5, 6, 7, 8, 9, 10, 11, 12, 13, 14, 15, 16, 17, 18, 23)
(0.001) SELECT "l_packages"."package_id", "l_packages"."package_code", "l_packages"."package_name", "l_packages"."package_name_eng", "l_packages"."theme_id", "l_packages"."order_no", "l_packages"."is_active", "l_packages"."created_on", "l_packages"."created_by", "l_packages"."modified_on", "l_packages"."modified_by" FROM "l_packages" WHERE "l_packages"."theme_id" IN (2, 3, 4, 7, 8, 9, 11, 14, 15, 16, 1, 5, 6, 10, 12, 13, 17, 18, 23); args=(2, 3, 4, 7, 8, 9, 11, 14, 15, 16, 1, 5, 6, 10, 12, 13, 17, 18, 23)
(0.001) SELECT "l_features"."feature_id", "l_features"."feature_code", "l_features"."feature_name", "l_features"."feature_name_eng", "l_features"."package_id", "l_features"."order_no", "l_features"."is_active", "l_features"."created_on", "l_features"."created_by", "l_features"."modified_on", "l_features"."modified_by" FROM "l_features" WHERE "l_features"."package_id" IN (101, 301, 302, 303, 304, 401, 501, 502, 503, 601, 602, 603, 701, 1001, 1101, 1102, 1103, 1104, 1105, 1106, 1107, 1108, 1109, 1201, 1202, 1203, 1204, 1205, 1301, 1302, 1303, 1401, 1501, 1601, 1602, 1603, 1801, 801, 802, 803, 804, 901, 902, 903, 2301); args=(101, 301, 302, 303, 304, 401, 501, 502, 503, 601, 602, 603, 701, 1001, 1101, 1102, 1103, 1104, 1105, 1106, 1107, 1108, 1109, 1201, 1202, 1203, 1204, 1205, 1301, 1302, 1303, 1401, 1501, 1601, 1602, 1603, 1801, 801, 802, 803, 804, 901, 902, 903, 2301)
(0.001) SELECT "dedsanbutets_viewnames"."id", "dedsanbutets_viewnames"."view_name", "dedsanbutets_viewnames"."feature_id", "dedsanbutets_viewnames"."open_datas", "dedsanbutets_viewnames"."update_at", "dedsanbutets_viewnames"."created_at" FROM "dedsanbutets_viewnames" WHERE "dedsanbutets_viewnames"."feature_id" IN (40101, 40102, 40103, 40104, 40105, 40106, 38, 50101, 50102, 50103, 50104, 50105, 50106, 50107, 50108, 50109, 50201, 50202, 50203, 50204, 50205, 50301, 50302, 50303, 50304, 50305, 50306, 50307, 50308, 50309, 50310, 50311, 50312, 50313, 50314, 50315, 50316, 50317, 50318, 50319, 60101, 60201, 60202, 60203, 60204, 60205, 60206, 60301, 80101, 80201, 80301, 80401, 80402, 80403, 80404, 90101, 90201, 90301, 100101, 100102, 100103, 100104, 30101, 30102, 30103, 30201, 30202, 30203, 30204, 30205, 30206, 120513, 30207, 30208, 30209, 30210, 30211, 30212, 30213, 30214, 30301, 30401, 30402, 30403, 30404, 30405, 30406, 30407, 30408, 30409, 70101, 10101, 120101, 120102, 120103, 120104, 120105, 120106, 120107, 120108, 120109, 120110, 120111, 120112, 120113, 120114, 120201, 120202, 120203, 120204, 120205, 120206, 120207, 120208, 120209, 120210, 120211, 120212, 120213, 120214, 120215, 120216, 120301, 120302, 120303, 120304, 120305, 120306, 120307, 120308, 120309, 120310, 120311, 120312, 120313, 120314, 120315, 120316, 120401, 120402, 120403, 120404, 120405, 120406, 120407, 120408, 120409, 120410, 120411, 120412, 120413, 120414, 120415, 120416, 120417, 120418, 120419, 120420, 120421, 120422, 120423, 120501, 120502, 120503, 120504, 120505, 120506, 120507, 120508, 120509, 120510, 120511, 120512, 120514, 120515, 120516, 120517, 120518, 120519, 120520, 120521, 120522, 120523, 120524, 120525, 120526, 120527, 120528, 120529, 230101); args=(40101, 40102, 40103, 40104, 40105, 40106, 38, 50101, 50102, 50103, 50104, 50105, 50106, 50107, 50108, 50109, 50201, 50202, 50203, 50204, 50205, 50301, 50302, 50303, 50304, 50305, 50306, 50307, 50308, 50309, 50310, 50311, 50312, 50313, 50314, 50315, 50316, 50317, 50318, 50319, 60101, 60201, 60202, 60203, 60204, 60205, 60206, 60301, 80101, 80201, 80301, 80401, 80402, 80403, 80404, 90101, 90201, 90301, 100101, 100102, 100103, 100104, 30101, 30102, 30103, 30201, 30202, 30203, 30204, 30205, 30206, 120513, 30207, 30208, 30209, 30210, 30211, 30212, 30213, 30214, 30301, 30401, 30402, 30403, 30404, 30405, 30406, 30407, 30408, 30409, 70101, 10101, 120101, 120102, 120103, 120104, 120105, 120106, 120107, 120108, 120109, 120110, 120111, 120112, 120113, 120114, 120201, 120202, 120203, 120204, 120205, 120206, 120207, 120208, 120209, 120210, 120211, 120212, 120213, 120214, 120215, 120216, 120301, 120302, 120303, 120304, 120305, 120306, 120307, 120308, 120309, 120310, 120311, 120312, 120313, 120314, 120315, 120316, 120401, 120402, 120403, 120404, 120405, 120406, 120407, 120408, 120409, 120410, 120411, 120412, 120413, 120414, 120415, 120416, 120417, 120418, 120419, 120420, 120421, 120422, 120423, 120501, 120502, 120503, 120504, 120505, 120506, 120507, 120508, 120509, 120510, 120511, 120512, 120514, 120515, 120516, 120517, 120518, 120519, 120520, 120521, 120522, 120523, 120524, 120525, 120526, 120527, 120528, 120529, 230101)
(0.001) SELECT ("backend_bundle_bundlelayer"."bundle_id") AS "_prefetch_related_val_bundle_id", "backend_wmslayer_wmslayer"."id", "backend_wmslayer_wmslayer"."wms_id", "backend_wmslayer_wmslayer"."name", "backend_wmslayer_wmslayer"."title", "backend_wmslayer_wmslayer"."code", "backend_wmslayer_wmslayer"."created_at", "backend_wmslayer_wmslayer"."updated_at", "backend_wmslayer_wmslayer"."sort_order", "backend_wmslayer_wmslayer"."feature_price", "backend_wmslayer_wmslayer"."geodb_schema", "backend_wmslayer_wmslayer"."geodb_table", "backend_wmslayer_wmslayer"."geodb_pk_field", "backend_wmslayer_wmslayer"."geodb_export_field" FROM "backend_wmslayer_wmslayer" INNER JOIN "backend_bundle_bundlelayer" ON ("backend_wmslayer_wmslayer"."id" = "backend_bundle_bundlelayer"."layer_id") WHERE "backend_bundle_bundlelayer"."bundle_id" IN (1, 2, 9, 14, 5, 11, 4, 17, 7, 12, 15, 13, 10, 3, 18, 8, 6, 16, 22) ORDER BY "backend_wmslayer_wmslayer"."sort_order" ASC; args=(1, 2, 9, 14, 5, 11, 4, 17, 7, 12, 15, 13, 10, 3, 18, 8, 6, 16, 22)
(0.001) SELECT "wms"."id", "wms"."name", "wms"."url", "wms"."cache_url", "wms"."is_active", "wms"."created_by_id", "wms"."created_at", "wms"."updated_at" FROM "wms" WHERE "wms"."id" IN (1, 2, 3, 4, 5, 6, 7) ORDER BY "wms"."created_at" ASC; args=(1, 2, 3, 4, 5, 6, 7)
(0.001) SELECT "django_session"."session_key", "django_session"."session_data", "django_session"."expire_date" FROM "django_session" WHERE ("django_session"."expire_date" > '2021-07-27T10:05:56.315105+00:00'::timestamptz AND "django_session"."session_key" = 'o4ndsq6wej5dloi8dx06hthd7jkqk3pr') LIMIT 21; args=(datetime.datetime(2021, 7, 27, 10, 5, 56, 315105, tzinfo=<UTC>), 'o4ndsq6wej5dloi8dx06hthd7jkqk3pr')
(0.000) SAVEPOINT "s139796250400512_x1"; args=None
(0.000) RELEASE SAVEPOINT "s139796250400512_x1"; args=None
(0.000) UPDATE "django_session" SET "session_data" = 'MDdiYWRhMGU0MTdkOTVlYmQxN2Q2MjAxMWI2YzA3ZWM2YTI2Yzg0NDp7Il9hdXRoX3VzZXJfaWQiOiIxIiwiX2F1dGhfdXNlcl9iYWNrZW5kIjoiZGphbmdvLmNvbnRyaWIuYXV0aC5iYWNrZW5kcy5Nb2RlbEJhY2tlbmQiLCJfYXV0aF91c2VyX2hhc2giOiJmM2IzM2ExNDk3ZWUzYWUzYjNmMzBlNjMwYzM2NmJhMDg4OGYwYmNhIn0=', "expire_date" = '2021-08-10T10:05:56.317653+00:00'::timestamptz WHERE "django_session"."session_key" = 'o4ndsq6wej5dloi8dx06hthd7jkqk3pr'; args=('MDdiYWRhMGU0MTdkOTVlYmQxN2Q2MjAxMWI2YzA3ZWM2YTI2Yzg0NDp7Il9hdXRoX3VzZXJfaWQiOiIxIiwiX2F1dGhfdXNlcl9iYWNrZW5kIjoiZGphbmdvLmNvbnRyaWIuYXV0aC5iYWNrZW5kcy5Nb2RlbEJhY2tlbmQiLCJfYXV0aF91c2VyX2hhc2giOiJmM2IzM2ExNDk3ZWUzYWUzYjNmMzBlNjMwYzM2NmJhMDg4OGYwYmNhIn0=', datetime.datetime(2021, 8, 10, 10, 5, 56, 317653, tzinfo=<UTC>), 'o4ndsq6wej5dloi8dx06hthd7jkqk3pr')
(0.000) SAVEPOINT "s139796250400512_x2"; args=None
(0.000) RELEASE SAVEPOINT "s139796250400512_x2"; args=None
(0.002) 
            SELECT c.relname,
            CASE WHEN c.relispartition THEN 'p' WHEN c.relkind IN ('m', 'v') THEN 'v' ELSE 't' END
            FROM pg_catalog.pg_class c
            LEFT JOIN pg_catalog.pg_namespace n ON n.oid = c.relnamespace
            WHERE c.relkind IN ('f', 'm', 'p', 'r', 'v')
                AND n.nspname NOT IN ('pg_catalog', 'pg_toast')
                AND pg_catalog.pg_table_is_visible(c.oid)
        ; args=None
(0.002) SELECT "django_migrations"."id", "django_migrations"."app", "django_migrations"."name", "django_migrations"."applied" FROM "django_migrations"; args=()
(0.002) 
            SELECT c.relname,
            CASE WHEN c.relispartition THEN 'p' WHEN c.relkind IN ('m', 'v') THEN 'v' ELSE 't' END
            FROM pg_catalog.pg_class c
            LEFT JOIN pg_catalog.pg_namespace n ON n.oid = c.relnamespace
            WHERE c.relkind IN ('f', 'm', 'p', 'r', 'v')
                AND n.nspname NOT IN ('pg_catalog', 'pg_toast')
                AND pg_catalog.pg_table_is_visible(c.oid)
        ; args=None
(0.001) SELECT "django_migrations"."id", "django_migrations"."app", "django_migrations"."name", "django_migrations"."applied" FROM "django_migrations"; args=()
